This file contains any messages produced by compilers while
running configure, to aid debugging if configure makes a mistake.

It was created by configure, which was
generated by GNU Autoconf 2.52.20150926.  Invocation command line was

  $ ./configure 

## ---------- ##
## Platform.  ##
## ---------- ##

hostname = beaglebone
uname -m = armv7l
uname -r = 4.4.30-ti-r64
uname -s = Linux
uname -v = #1 SMP Fri Nov 4 21:23:33 UTC 2016

/usr/bin/uname -p = unknown
/bin/uname -X     = unknown

/bin/arch              = unknown
/usr/bin/arch -k       = unknown
/usr/convex/getsysinfo = unknown
hostinfo               = unknown
/bin/machine           = unknown
/usr/bin/oslevel       = unknown
/bin/universe          = unknown

PATH = /home/debian/bin:/usr/local/sbin:/usr/local/bin:/usr/sbin:/usr/bin:/sbin:/bin:/usr/local/games:/usr/games

## ------------ ##
## Core tests.  ##
## ------------ ##

configure:1130: PATH=".;."; conftest.sh
./configure: 1131: ./configure: conftest.sh: not found
configure:1133: $? = 127
configure:1146: checking for egrep
configure:1156: result: grep -E
configure:1170: result: Configuring NCURSES 6.0 ABI 6 (Thu Apr  6 07:16:04 UTC 2017)
configure:1174: checking for package version
configure:1195: result: 6.0
configure:1198: checking for package patch date
configure:1215: result: 20170401
configure:1226: testing ABI VERSION 5:0:9 ...
configure:1230: testing VERSION_MAJOR 6 ...
configure:1234: testing VERSION_MINOR 0 ...
configure:1238: testing VERSION_PATCH 20170401 ...
configure:1380: checking build system type
configure:1398: result: armv7l-unknown-linux-gnueabihf
configure:1405: checking host system type
configure:1419: result: armv7l-unknown-linux-gnueabihf
configure:1427: checking target system type
configure:1441: result: armv7l-unknown-linux-gnueabihf
configure:1473: result: Configuring for linux-gnueabihf
configure:1499: checking for prefix
configure:1511: result: /usr
configure:1639: checking for gnatgcc
configure:1665: result: no
configure:1639: checking for gcc
configure:1654: found /usr/bin/gcc
configure:1662: result: gcc
configure:1680: checking for C compiler version
configure:1683: gcc --version </dev/null >&5
gcc (Debian 4.9.2-10) 4.9.2
Copyright (C) 2014 Free Software Foundation, Inc.
This is free software; see the source for copying conditions.  There is NO
warranty; not even for MERCHANTABILITY or FITNESS FOR A PARTICULAR PURPOSE.

configure:1686: $? = 0
configure:1688: gcc -v </dev/null >&5
Using built-in specs.
COLLECT_GCC=gcc
COLLECT_LTO_WRAPPER=/usr/lib/gcc/arm-linux-gnueabihf/4.9/lto-wrapper
Target: arm-linux-gnueabihf
Configured with: ../src/configure -v --with-pkgversion='Debian 4.9.2-10' --with-bugurl=file:///usr/share/doc/gcc-4.9/README.Bugs --enable-languages=c,c++,java,go,d,fortran,objc,obj-c++ --prefix=/usr --program-suffix=-4.9 --enable-shared --enable-linker-build-id --libexecdir=/usr/lib --without-included-gettext --enable-threads=posix --with-gxx-include-dir=/usr/include/c++/4.9 --libdir=/usr/lib --enable-nls --with-sysroot=/ --enable-clocale=gnu --enable-libstdcxx-debug --enable-libstdcxx-time=yes --enable-gnu-unique-object --disable-libitm --disable-libquadmath --enable-plugin --with-system-zlib --disable-browser-plugin --enable-java-awt=gtk --enable-gtk-cairo --with-java-home=/usr/lib/jvm/java-1.5.0-gcj-4.9-armhf/jre --enable-java-home --with-jvm-root-dir=/usr/lib/jvm/java-1.5.0-gcj-4.9-armhf --with-jvm-jar-dir=/usr/lib/jvm-exports/java-1.5.0-gcj-4.9-armhf --with-arch-directory=arm --with-ecj-jar=/usr/share/java/eclipse-ecj.jar --enable-objc-gc --enable-multiarch --disable-sjlj-exceptions --with-arch=armv7-a --with-fpu=vfpv3-d16 --with-float=hard --with-mode=thumb --enable-checking=release --build=arm-linux-gnueabihf --host=arm-linux-gnueabihf --target=arm-linux-gnueabihf
Thread model: posix
gcc version 4.9.2 (Debian 4.9.2-10) 
configure:1691: $? = 0
configure:1693: gcc -V </dev/null >&5
gcc: error: unrecognized command line option '-V'
gcc: fatal error: no input files
compilation terminated.
configure:1696: $? = 4
configure:1716: checking for C compiler default output
configure:1719: gcc    conftest.c  >&5
configure:1722: $? = 0
configure:1751: result: a.out
configure:1756: checking whether the C compiler works
configure:1762: ./a.out
configure:1765: $? = 0
configure:1780: result: yes
configure:1787: checking whether we are cross compiling
configure:1789: result: no
configure:1792: checking for executable suffix
configure:1794: gcc -o conftest    conftest.c  >&5
configure:1797: $? = 0
configure:1819: result: 
configure:1825: checking for object suffix
configure:1843: gcc -c   conftest.c >&5
configure:1846: $? = 0
configure:1865: result: o
configure:1869: checking whether we are using the GNU C compiler
configure:1890: gcc -c   conftest.c >&5
configure:1893: $? = 0
configure:1896: test -s conftest.o
configure:1899: $? = 0
configure:1911: result: yes
configure:1917: checking whether gcc accepts -g
configure:1935: gcc -c -g  conftest.c >&5
configure:1938: $? = 0
configure:1941: test -s conftest.o
configure:1944: $? = 0
configure:1954: result: yes
configure:1981: gcc -c -g -O2  conftest.c >&5
conftest.c:2:3: error: unknown type name 'choke'
   choke me
   ^
conftest.c:2:3: error: expected '=', ',', ';', 'asm' or '__attribute__' at end of input
configure:1984: $? = 1
configure: failed program was:
#ifndef __cplusplus
  choke me
#endif
configure:2085: checking version of gcc
configure:2089: result: 4.9.2
configure:2093: checking for gcc option to accept ANSI C
configure:2150: gcc  -c -g -O2  conftest.c >&5
configure:2153: $? = 0
configure:2156: test -s conftest.o
configure:2159: $? = 0
configure:2176: result: none needed
configure:2187: checking $CC variable
configure:2322: result: ok
configure:2333: checking how to run the C preprocessor
configure:2359: gcc -E  conftest.c
configure:2365: $? = 0
configure:2392: gcc -E  conftest.c
configure:2389:28: fatal error: ac_nonexistent.h: No such file or directory
 #include "confdefs.h"
                            ^
compilation terminated.
configure:2398: $? = 1
configure: failed program was:
#line 2388 "configure"
#include "confdefs.h"
#include <ac_nonexistent.h>
configure:2435: result: gcc -E
configure:2450: gcc -E  conftest.c
configure:2456: $? = 0
configure:2483: gcc -E  conftest.c
configure:2480:28: fatal error: ac_nonexistent.h: No such file or directory
 #include "confdefs.h"
                            ^
compilation terminated.
configure:2489: $? = 1
configure: failed program was:
#line 2479 "configure"
#include "confdefs.h"
#include <ac_nonexistent.h>
configure:2530: checking whether gcc needs -traditional
configure:2565: result: no
configure:2572: checking whether gcc understands -c and -o together
configure:2587: gcc -g -O2  -c conftest.c -o conftest2.o >&5
configure:2590: $? = 0
configure:2592: gcc -g -O2  -c conftest.c -o conftest2.o >&5
configure:2595: $? = 0
configure:2606: result: yes
configure:2623: checking for ldconfig
configure:2640: found /sbin/ldconfig
configure:2651: result: /sbin/ldconfig
configure:2662: checking if you want to ensure bool is consistent with C++
configure:2672: result: yes
configure:2729: checking for g++
configure:2744: found /usr/bin/g++
configure:2752: result: g++
configure:2767: checking for C++ compiler version
configure:2770: g++ --version </dev/null >&5
g++ (Debian 4.9.2-10) 4.9.2
Copyright (C) 2014 Free Software Foundation, Inc.
This is free software; see the source for copying conditions.  There is NO
warranty; not even for MERCHANTABILITY or FITNESS FOR A PARTICULAR PURPOSE.

configure:2773: $? = 0
configure:2775: g++ -v </dev/null >&5
Using built-in specs.
COLLECT_GCC=g++
COLLECT_LTO_WRAPPER=/usr/lib/gcc/arm-linux-gnueabihf/4.9/lto-wrapper
Target: arm-linux-gnueabihf
Configured with: ../src/configure -v --with-pkgversion='Debian 4.9.2-10' --with-bugurl=file:///usr/share/doc/gcc-4.9/README.Bugs --enable-languages=c,c++,java,go,d,fortran,objc,obj-c++ --prefix=/usr --program-suffix=-4.9 --enable-shared --enable-linker-build-id --libexecdir=/usr/lib --without-included-gettext --enable-threads=posix --with-gxx-include-dir=/usr/include/c++/4.9 --libdir=/usr/lib --enable-nls --with-sysroot=/ --enable-clocale=gnu --enable-libstdcxx-debug --enable-libstdcxx-time=yes --enable-gnu-unique-object --disable-libitm --disable-libquadmath --enable-plugin --with-system-zlib --disable-browser-plugin --enable-java-awt=gtk --enable-gtk-cairo --with-java-home=/usr/lib/jvm/java-1.5.0-gcj-4.9-armhf/jre --enable-java-home --with-jvm-root-dir=/usr/lib/jvm/java-1.5.0-gcj-4.9-armhf --with-jvm-jar-dir=/usr/lib/jvm-exports/java-1.5.0-gcj-4.9-armhf --with-arch-directory=arm --with-ecj-jar=/usr/share/java/eclipse-ecj.jar --enable-objc-gc --enable-multiarch --disable-sjlj-exceptions --with-arch=armv7-a --with-fpu=vfpv3-d16 --with-float=hard --with-mode=thumb --enable-checking=release --build=arm-linux-gnueabihf --host=arm-linux-gnueabihf --target=arm-linux-gnueabihf
Thread model: posix
gcc version 4.9.2 (Debian 4.9.2-10) 
configure:2778: $? = 0
configure:2780: g++ -V </dev/null >&5
g++: error: unrecognized command line option '-V'
g++: fatal error: no input files
compilation terminated.
configure:2783: $? = 4
configure:2786: checking whether we are using the GNU C++ compiler
configure:2807: g++ -c   conftest.cc >&5
configure:2810: $? = 0
configure:2813: test -s conftest.o
configure:2816: $? = 0
configure:2828: result: yes
configure:2834: checking whether g++ accepts -g
configure:2852: g++ -c -g  conftest.cc >&5
configure:2855: $? = 0
configure:2858: test -s conftest.o
configure:2861: $? = 0
configure:2871: result: yes
configure:2911: g++ -c -g -O2  conftest.cc >&5
configure:2914: $? = 0
configure:2917: test -s conftest.o
configure:2920: $? = 0
configure:2942: g++ -c -g -O2  conftest.cc >&5
configure: In function 'int main()':
configure:2935:9: error: 'exit' was not declared in this scope
 {
         ^
configure:2945: $? = 1
configure: failed program was:
#line 2930 "configure"
#include "confdefs.h"

int
main ()
{
exit (42);
  ;
  return 0;
}
configure:2911: g++ -c -g -O2  conftest.cc >&5
configure:2914: $? = 0
configure:2917: test -s conftest.o
configure:2920: $? = 0
configure:2942: g++ -c -g -O2  conftest.cc >&5
configure:2945: $? = 0
configure:2948: test -s conftest.o
configure:2951: $? = 0
configure:2985: checking if g++ works
configure:3010: g++ -c -g -O2  -I/usr/include conftest.cc >&5
configure:3013: $? = 0
configure:3016: test -s conftest.o
configure:3019: $? = 0
configure:3030: result: yes
configure:3050: checking for g++
configure:3067: found /usr/bin/g++
configure:3078: result: /usr/bin/g++
configure:3097: checking version of /usr/bin/g++
configure:3105: result: 4.9.2
configure:3118: checking if you want to build C++ binding and demo
configure:3128: result: yes
configure:3131: checking if you want to build with Ada95
configure:3133: result: yes
configure:3136: checking if you want to install terminal database
configure:3146: result: yes
configure:3149: checking if you want to install manpages
configure:3159: result: yes
configure:3162: checking if you want to build programs such as tic
configure:3172: result: yes
configure:3175: checking if you want to build test-programs
configure:3185: result: yes
configure:3188: checking if you wish to install curses.h
configure:3198: result: yes
configure:3224: checking for mawk
configure:3239: found /usr/bin/mawk
configure:3247: result: mawk
configure:3261: checking for egrep
configure:3271: result: grep -E
configure:3291: checking for a BSD compatible install
configure:3340: result: /usr/bin/install -c
configure:3365: checking for lint
configure:3391: result: no
configure:3365: checking for cppcheck
configure:3391: result: no
configure:3365: checking for splint
configure:3391: result: no
configure:3398: checking whether ln -s works
configure:3402: result: yes
configure:3409: checking if ln -s -f options work
configure:3421: result: yes
configure:3426: checking for long file names
configure:3465: result: yes
configure:3477: checking if you want to use pkg-config
configure:3487: result: yes
configure:3539: checking for pkg-config
configure:3556: found /usr/bin/pkg-config
configure:3568: result: /usr/bin/pkg-config
configure:3631: checking for /usr/bin/pkg-config library directory
configure:3686: testing list... ...
configure:3692: testing checking /usr/lib/*-linux-gnu/pkgconfig ...
configure:3692: testing checking /usr/share/pkgconfig ...
configure:3697: checking done
configure:3708: result: /usr/share/pkgconfig
configure:3714: checking if we should install .pc files for /usr/bin/pkg-config
configure:3728: result: no
configure:3801: checking if we should assume mixed-case filenames
configure:3811: result: auto
configure:3815: checking if filesystem supports mixed-case filenames
configure:3842: result: yes
configure:3861: checking whether make sets ${MAKE}
configure:3881: result: yes
configure:3894: checking for exctags
configure:3920: result: no
configure:3894: checking for ctags
configure:3920: result: no
configure:3931: checking for exetags
configure:3957: result: no
configure:3931: checking for etags
configure:3957: result: no
configure:3966: checking for ctags
configure:3990: result: no
configure:4000: checking for etags
configure:4024: result: no
configure:4047: checking for makeflags variable
configure:4081: result: 
configure:4122: checking for ranlib
configure:4137: found /usr/bin/ranlib
configure:4146: result: ranlib
configure:4196: checking for ld
configure:4211: found /usr/bin/ld
configure:4220: result: ld
configure:4270: checking for ar
configure:4285: found /usr/bin/ar
configure:4294: result: ar
configure:4344: checking for nm
configure:4359: found /usr/bin/nm
configure:4368: result: nm
configure:4418: checking for ar
configure:4442: result: ar
configure:4454: checking for options to update archives
configure:4480: gcc -c -g -O2  conftest.c >&5
configure:4483: $? = 0
ar  -curvU conftest.a conftest.o
configure:4502: result: -curvU
configure:4513: checking if you have specified an install-prefix
configure:4526: result: 
configure:4682: checking if libtool -version-number should be used
configure:4699: result: yes
configure:4748: checking if you want to build libraries with libtool
configure:4758: result: no
configure:5056: checking if you want to build shared libraries
configure:5066: result: no
configure:5070: checking if you want to build static libraries
configure:5080: result: yes
configure:5084: checking if you want to build debug libraries
configure:5094: result: yes
configure:5098: checking if you want to build profiling libraries
configure:5108: result: no
configure:5133: checking for specified models
configure:5137: result:  normal debug
configure:5142: checking for default model
configure:5145: result: normal
configure:5159: checking if you want to have a library-prefix
configure:5169: result: auto
configure:5197: checking for PATH separator
configure:5204: result: :
configure:5209: checking if you want to build a separate terminfo library
configure:5219: result: no
configure:5222: checking if you want to build a separate tic library
configure:5232: result: no
configure:5238: checking if you want to link with the GPM mouse library
configure:5248: result: maybe
configure:5252: checking for gpm.h
configure:5262: gcc -E  conftest.c
configure:5259:17: fatal error: gpm.h: No such file or directory
 #include "confdefs.h"
                 ^
compilation terminated.
configure:5268: $? = 1
configure: failed program was:
#line 5258 "configure"
#include "confdefs.h"
#include <gpm.h>
configure:5287: result: no
configure:5870: checking for default loader flags
configure:5879: result: 
configure:5917: checking for an rpath option
configure:5948: result: -Wl,-rpath,
configure:6026: checking if release/abi version should be used for shared libs
configure:6052: result: auto
configure:6075: checking which gcc option to use
configure:6094: gcc -c -g -O2 -fPIC  conftest.c >&5
configure:6097: $? = 0
configure:6100: test -s conftest.o
configure:6103: $? = 0
configure:6112: result: -fPIC
configure:6555: testing CC_SHARED_OPTS: -fPIC ...
configure:6559: testing MK_SHARED_LIB:  ${CC} ${CFLAGS} -shared -Wl,-soname,`basename $@ .${REL_VERSION}`.${ABI_VERSION},-stats,-lc -o $@ ...
configure:6795: checking if you want to disable library suffixes
configure:6812: result: no
configure:7076: checking if you wish to append extra suffix to header/library paths
configure:7095: result: 
configure:7099: checking if you wish to install ncurses overwriting curses
configure:7109: result: yes
configure:7112: checking if external terminfo-database is used
configure:7122: result: yes
configure:7138: checking which terminfo source-file will be installed
configure:7146: result: ${top_srcdir}/misc/terminfo.src
configure:7149: checking whether to use hashed database instead of directory/tree
configure:7159: result: no
configure:7165: checking for list of fallback descriptions
configure:7175: result: 
configure:7179: checking if you want modern xterm or antique
configure:7193: result: xterm-new
configure:7197: checking if xterm backspace sends BS or DEL
configure:7218: result: BS
configure:7228: checking for list of terminfo directories
configure:7291: result: /usr/share/terminfo
configure:7298: checking for default terminfo directory
configure:7343: result: /usr/share/terminfo
configure:7354: checking if big-core option selected
configure:7380: gcc -o conftest -g -O2   conftest.c  >&5
configure:7383: $? = 0
configure:7385: ./conftest
configure:7388: $? = 0
configure:7400: result: yes
configure:7410: checking if big-strings option selected
configure:7434: result: yes
configure:7441: checking if you want termcap-fallback support
configure:7451: result: no
configure:7585: checking if ~/.terminfo is wanted
configure:7595: result: yes
configure:7602: checking if you want to use restricted environment when running as root
configure:7612: result: yes
configure:7627: checking for unistd.h
configure:7637: gcc -E  conftest.c
configure:7643: $? = 0
configure:7662: result: yes
configure:7677: checking for remove
configure:7714: gcc -o conftest -g -O2   conftest.c  >&5
configure:7717: $? = 0
configure:7720: test -s conftest
configure:7723: $? = 0
configure:7733: result: yes
configure:7677: checking for unlink
configure:7714: gcc -o conftest -g -O2   conftest.c  >&5
configure:7717: $? = 0
configure:7720: test -s conftest
configure:7723: $? = 0
configure:7733: result: yes
configure:7817: checking if link/symlink functions work
configure:7860: gcc -o conftest -g -O2   conftest.c  >&5
configure:7863: $? = 0
configure:7865: ./conftest
configure:7868: $? = 0
configure:7860: gcc -o conftest -g -O2   conftest.c  >&5
configure:7863: $? = 0
configure:7865: ./conftest
configure:7868: $? = 0
configure:7886: result:  link symlink
configure:7906: checking if tic should use symbolic links
configure:7916: result: no
configure:7923: checking if tic should use hard links
configure:7930: result: yes
configure:7945: checking if you want broken-linker support code
configure:7955: result: no
configure:7984: checking if tputs should process BSD-style prefix padding
configure:7994: result: no
configure:8051: checking if we must define _GNU_SOURCE
configure:8073: gcc -c -g -O2  conftest.c >&5
configure: In function 'main':
configure:8065:1: error: unknown type name 'make'
 #ifndef _XOPEN_SOURCE
 ^
configure:8065:9: error: expected '=', ',', ';', 'asm' or '__attribute__' before 'error'
 #ifndef _XOPEN_SOURCE
         ^
configure:8076: $? = 1
configure: failed program was:
#line 8058 "configure"
#include "confdefs.h"
#include <sys/types.h>
int
main ()
{

#ifndef _XOPEN_SOURCE
make an error
#endif
  ;
  return 0;
}
configure:8106: gcc -c -g -O2  -D_GNU_SOURCE conftest.c >&5
configure: In function 'main':
configure:8098:1: error: unknown type name 'make'
 #ifdef _XOPEN_SOURCE
 ^
configure:8098:9: error: expected '=', ',', ';', 'asm' or '__attribute__' before 'error'
 #ifdef _XOPEN_SOURCE
         ^
configure:8109: $? = 1
configure: failed program was:
#line 8091 "configure"
#include "confdefs.h"
#include <sys/types.h>
int
main ()
{

#ifdef _XOPEN_SOURCE
make an error
#endif
  ;
  return 0;
}
configure:8130: result: yes
configure:8135: checking if we should also define _DEFAULT_SOURCE
configure:8158: gcc -c -g -O2  -D_GNU_SOURCE conftest.c >&5
configure: In function 'main':
configure:8150:1: error: unknown type name 'make'
 #ifdef _DEFAULT_SOURCE
 ^
configure:8150:9: error: expected '=', ',', ';', 'asm' or '__attribute__' before 'error'
 #ifdef _DEFAULT_SOURCE
         ^
configure:8161: $? = 1
configure: failed program was:
#line 8143 "configure"
#include "confdefs.h"
#include <sys/types.h>
int
main ()
{

#ifdef _DEFAULT_SOURCE
make an error
#endif
  ;
  return 0;
}
configure:8178: result: yes
configure:9053: checking if _XOPEN_SOURCE really is set
configure:9071: gcc -c -g -O2  -D_GNU_SOURCE -D_DEFAULT_SOURCE conftest.c >&5
configure:9074: $? = 0
configure:9077: test -s conftest.o
configure:9080: $? = 0
configure:9089: result: yes
configure:9109: gcc -c -g -O2  -D_GNU_SOURCE -D_DEFAULT_SOURCE conftest.c >&5
configure:9112: $? = 0
configure:9115: test -s conftest.o
configure:9118: $? = 0
configure:9343: checking if SIGWINCH is defined
configure:9365: gcc -c -g -O2  -D_GNU_SOURCE -D_DEFAULT_SOURCE conftest.c >&5
configure:9368: $? = 0
configure:9371: test -s conftest.o
configure:9374: $? = 0
configure:9422: result: yes
configure:9492: checking for nl_langinfo and CODESET
configure:9510: gcc -o conftest -g -O2  -D_GNU_SOURCE -D_DEFAULT_SOURCE  conftest.c  >&5
configure:9513: $? = 0
configure:9516: test -s conftest
configure:9519: $? = 0
configure:9530: result: yes
configure:9544: checking if you want wide-character code
configure:9554: result: no
configure:10853: checking whether to enable _LP64 definition in curses.h
configure:10863: result: yes
configure:10879: checking for special C compiler options needed for large files
configure:10953: result: no
configure:10959: checking for _FILE_OFFSET_BITS value needed for large files
configure:10987: gcc -c -g -O2  -D_GNU_SOURCE -D_DEFAULT_SOURCE conftest.c >&5
configure:10974:3: warning: left shift count >= width of type
 #define LARGE_OFF_T (((off_t) 1 << 62) - 1 + ((off_t) 1 << 62))
   ^
configure:10974:3: warning: left shift count >= width of type
configure:10975:10: warning: left shift count >= width of type
   int off_t_is_large[(LARGE_OFF_T % 2147483629 == 721
          ^
configure:10975:10: warning: left shift count >= width of type
configure:10974:7: error: variably modified 'off_t_is_large' at file scope
 #define LARGE_OFF_T (((off_t) 1 << 62) - 1 + ((off_t) 1 << 62))
       ^
configure:10990: $? = 1
configure: failed program was:
#line 10967 "configure"
#include "confdefs.h"
#include <sys/types.h>
 /* Check that off_t can represent 2**63 - 1 correctly.
    We can't simply define LARGE_OFF_T to be 9223372036854775807,
    since some C++ compilers masquerading as C compilers
    incorrectly reject 9223372036854775807.  */
#define LARGE_OFF_T (((off_t) 1 << 62) - 1 + ((off_t) 1 << 62))
  int off_t_is_large[(LARGE_OFF_T % 2147483629 == 721
		       && LARGE_OFF_T % 2147483647 == 1)
		      ? 1 : -1];
int
main ()
{

  ;
  return 0;
}
configure:11026: gcc -c -g -O2  -D_GNU_SOURCE -D_DEFAULT_SOURCE conftest.c >&5
configure:11029: $? = 0
configure:11032: test -s conftest.o
configure:11035: $? = 0
configure:11046: result: 64
configure:11056: checking for _LARGE_FILES value needed for large files
configure:11084: gcc -c -g -O2  -D_GNU_SOURCE -D_DEFAULT_SOURCE conftest.c >&5
configure:11087: $? = 0
configure:11090: test -s conftest.o
configure:11093: $? = 0
configure:11143: result: no
configure:11156: checking for _LARGEFILE_SOURCE value needed for large files
configure:11176: gcc -c -g -O2  -D_GNU_SOURCE -D_DEFAULT_SOURCE conftest.c >&5
configure:11179: $? = 0
configure:11182: test -s conftest.o
configure:11185: $? = 0
configure:11227: result: no
configure:11241: checking for fseeko
configure:11259: gcc -o conftest -g -O2  -D_GNU_SOURCE -D_DEFAULT_SOURCE  conftest.c  >&5
configure:11262: $? = 0
configure:11265: test -s conftest
configure:11268: $? = 0
configure:11278: result: yes
configure:11299: checking whether to use struct dirent64
configure:11328: gcc -c -g -O2  -D_GNU_SOURCE -D_DEFAULT_SOURCE -D_FILE_OFFSET_BITS=64  conftest.c >&5
configure:11308:9: warning: unknown option after '#pragma GCC diagnostic' kind [-Wpragmas]
 
         ^
configure: In function 'main':
configure:11317:28: error: conflicting types for 'readdir'
   /* if transitional largefile support is setup, this is true */
                            ^
In file included from /usr/include/features.h:374:0,
                 from /usr/include/arm-linux-gnueabihf/sys/types.h:25,
                 from configure:11309:
/usr/include/dirent.h:165:23: note: previous declaration of 'readdir' was here
 extern struct dirent *__REDIRECT (readdir, (DIR *__dirp), readdir64)
                       ^
configure:11319:22: warning: initialization from incompatible pointer type
   struct dirent64 *x = readdir((DIR *)0);
                      ^
configure:11320:13: error: invalid operands to binary - (have 'struct dirent64 *' and 'struct dirent *')
   struct dirent *y = readdir((DIR *)0);
             ^
configure:11331: $? = 1
configure: failed program was:
#line 11306 "configure"
#include "confdefs.h"

#pragma GCC diagnostic error "-Wincompatible-pointer-types"
#include <sys/types.h>
#include <dirent.h>

int
main ()
{

		/* if transitional largefile support is setup, this is true */
		extern struct dirent64 * readdir(DIR *);
		struct dirent64 *x = readdir((DIR *)0);
		struct dirent *y = readdir((DIR *)0);
		int z = x - y;

  ;
  return 0;
}
configure:11348: result: no
configure:11358: checking if you want tparm not to use X/Open fixed-parameter list
configure:11368: result: yes
configure:11392: checking if you want to suppress wattr* macros to help with ncurses5/ncurses6 transition
configure:11408: result: no
configure:11413: checking for type of bool
configure:11423: result: auto
configure:11426: checking for alternate terminal capabilities file
configure:11437: result: Caps
configure:11441: checking for type of chtype
configure:11451: result: uint32_t
configure:11455: checking for type of ospeed
configure:11465: result: short
configure:11469: checking for type of mmask_t
configure:11479: result: uint32_t
configure:11483: checking for size CCHARW_MAX
configure:11493: result: 5
configure:11497: checking for type of tparm args
configure:11507: result: intptr_t
configure:11511: checking if RCS identifiers should be compiled-in
configure:11521: result: no
configure:11530: checking format of man-pages
configure:11619: result:  gzip
configure:11626: checking for manpage renaming
configure:11668: result: /home/debian/ncurses/ncurses-6.0-20170401/man/man_db.renames
configure:11671: checking if manpage aliases will be installed
configure:11682: result: yes
configure:11696: checking if manpage symlinks should be used
configure:11715: result: yes
configure:11719: checking for manpage tbl
configure:11730: result: no
configure:12063: checking if you want to build with function extensions
configure:12073: result: yes
configure:12133: checking if you want to build with SCREEN extensions
configure:12143: result: yes
configure:12162: checking if you want to build with terminal-driver
configure:12172: result: no
configure:12193: checking for extended use of const keyword
configure:12203: result: yes
configure:12211: checking if you want to use extended colors
configure:12221: result: yes
configure:12226: WARNING: This option applies only to wide-character library
configure:12260: checking if you want to use extended mouse encoding
configure:12270: result: yes
configure:12290: checking if you want to use extended putwin/screendump
configure:12300: result: yes
configure:12310: checking if you want $NCURSES_NO_PADDING code
configure:12320: result: yes
configure:12327: checking for ANSI C header files
configure:12341: gcc -E  -D_GNU_SOURCE -D_DEFAULT_SOURCE -D_FILE_OFFSET_BITS=64  conftest.c
configure:12347: $? = 0
configure:12434: gcc -o conftest -g -O2  -D_GNU_SOURCE -D_DEFAULT_SOURCE -D_FILE_OFFSET_BITS=64   conftest.c  >&5
configure:12437: $? = 0
configure:12439: ./conftest
configure:12442: $? = 0
configure:12455: result: yes
configure:12471: checking for sys/types.h
configure:12483: gcc -c -g -O2  -D_GNU_SOURCE -D_DEFAULT_SOURCE -D_FILE_OFFSET_BITS=64  conftest.c >&5
configure:12486: $? = 0
configure:12489: test -s conftest.o
configure:12492: $? = 0
configure:12502: result: yes
configure:12471: checking for sys/stat.h
configure:12483: gcc -c -g -O2  -D_GNU_SOURCE -D_DEFAULT_SOURCE -D_FILE_OFFSET_BITS=64  conftest.c >&5
configure:12486: $? = 0
configure:12489: test -s conftest.o
configure:12492: $? = 0
configure:12502: result: yes
configure:12471: checking for stdlib.h
configure:12483: gcc -c -g -O2  -D_GNU_SOURCE -D_DEFAULT_SOURCE -D_FILE_OFFSET_BITS=64  conftest.c >&5
configure:12486: $? = 0
configure:12489: test -s conftest.o
configure:12492: $? = 0
configure:12502: result: yes
configure:12471: checking for string.h
configure:12483: gcc -c -g -O2  -D_GNU_SOURCE -D_DEFAULT_SOURCE -D_FILE_OFFSET_BITS=64  conftest.c >&5
configure:12486: $? = 0
configure:12489: test -s conftest.o
configure:12492: $? = 0
configure:12502: result: yes
configure:12471: checking for memory.h
configure:12483: gcc -c -g -O2  -D_GNU_SOURCE -D_DEFAULT_SOURCE -D_FILE_OFFSET_BITS=64  conftest.c >&5
configure:12486: $? = 0
configure:12489: test -s conftest.o
configure:12492: $? = 0
configure:12502: result: yes
configure:12471: checking for strings.h
configure:12483: gcc -c -g -O2  -D_GNU_SOURCE -D_DEFAULT_SOURCE -D_FILE_OFFSET_BITS=64  conftest.c >&5
configure:12486: $? = 0
configure:12489: test -s conftest.o
configure:12492: $? = 0
configure:12502: result: yes
configure:12471: checking for inttypes.h
configure:12483: gcc -c -g -O2  -D_GNU_SOURCE -D_DEFAULT_SOURCE -D_FILE_OFFSET_BITS=64  conftest.c >&5
configure:12486: $? = 0
configure:12489: test -s conftest.o
configure:12492: $? = 0
configure:12502: result: yes
configure:12471: checking for stdint.h
configure:12483: gcc -c -g -O2  -D_GNU_SOURCE -D_DEFAULT_SOURCE -D_FILE_OFFSET_BITS=64  conftest.c >&5
configure:12486: $? = 0
configure:12489: test -s conftest.o
configure:12492: $? = 0
configure:12502: result: yes
configure:12471: checking for unistd.h
configure:12502: result: yes
configure:12512: checking for signed char
configure:12533: gcc -c -g -O2  -D_GNU_SOURCE -D_DEFAULT_SOURCE -D_FILE_OFFSET_BITS=64  conftest.c >&5
configure:12536: $? = 0
configure:12539: test -s conftest.o
configure:12542: $? = 0
configure:12552: result: yes
configure:12555: checking size of signed char
configure:12719: gcc -o conftest -g -O2  -D_GNU_SOURCE -D_DEFAULT_SOURCE -D_FILE_OFFSET_BITS=64   conftest.c  >&5
configure:12722: $? = 0
configure:12724: ./conftest
configure:12727: $? = 0
configure:12743: result: 1
configure:12754: checking if you want to use signed Boolean array in term.h
configure:12764: result: no
configure:12769: checking if you want SIGWINCH handler
configure:12779: result: yes
configure:12787: checking if you want user-definable terminal capabilities like termcap
configure:12797: result: yes
configure:12804: checking if you want to link with the pthread library
configure:12814: result: no
configure:13139: checking if you want reentrant code
configure:13149: result: no
configure:13233: checking if you want opaque curses-library structures
configure:13255: result: no
configure:13264: checking if you want opaque form-library structures
configure:13274: result: no
configure:13277: checking if you want opaque menu-library structures
configure:13287: result: no
configure:13290: checking if you want opaque panel-library structures
configure:13300: result: no
configure:13333: checking if you want all development code
configure:13343: result: no
configure:13347: checking if you want hard-tabs code
configure:13357: result: no
configure:13365: checking if you want limited support for xmc
configure:13375: result: no
configure:13385: checking if you do not want to assume colors are white-on-black
configure:13395: result: yes
configure:13403: checking if you want hashmap scrolling-optimization code
configure:13413: result: yes
configure:13421: checking if you want colorfgbg code
configure:13431: result: no
configure:13439: checking if you want interop bindings
configure:13449: result: yes
configure:13455: checking if you want experimental safe-sprintf code
configure:13465: result: no
configure:13494: checking if you want wgetch-events code
configure:13504: result: no
configure:13515: checking if you want to see long compiling messages
configure:13549: result: yes
configure:13561: checking if you want to see compiler warnings
configure:13569: result: 
configure:14025: checking for gcc __attribute__ directives...
checking for gcc __attribute__((scanf))
configure:14077: gcc -c -g -O2  -D_GNU_SOURCE -D_DEFAULT_SOURCE -D_FILE_OFFSET_BITS=64  conftest.c >&5
configure:14080: $? = 0
checking for gcc __attribute__((printf))
configure:14077: gcc -c -g -O2  -D_GNU_SOURCE -D_DEFAULT_SOURCE -D_FILE_OFFSET_BITS=64  conftest.c >&5
configure:14080: $? = 0
checking for gcc __attribute__((unused))
configure:14077: gcc -c -g -O2  -D_GNU_SOURCE -D_DEFAULT_SOURCE -D_FILE_OFFSET_BITS=64  conftest.c >&5
configure:14080: $? = 0
checking for gcc __attribute__((noreturn))
configure:14077: gcc -c -g -O2  -D_GNU_SOURCE -D_DEFAULT_SOURCE -D_FILE_OFFSET_BITS=64  conftest.c >&5
configure:14080: $? = 0
configure:14141: checking if you want to work around bogus compiler/loader warnings
configure:14151: result: no
configure:14423: checking if you want to enable runtime assertions
configure:14433: result: no
configure:14449: checking if you want to use dmalloc for testing
configure:14466: result: no
configure:14681: checking if you want to use dbmalloc for testing
configure:14698: result: no
configure:14913: checking if you want to use valgrind for testing
configure:14930: result: no
configure:15043: checking if you want to perform memory-leak testing
configure:15053: result: no
configure:15105: checking whether to add trace feature to all models
configure:15115: result: no
configure:15225: checking if we want to use GNAT projects
configure:15242: result: yes
configure:15252: checking for gettimeofday
configure:15289: gcc -o conftest -g -O2  -D_GNU_SOURCE -D_DEFAULT_SOURCE -D_FILE_OFFSET_BITS=64  -DNDEBUG  conftest.c  >&5
configure:15292: $? = 0
configure:15295: test -s conftest
configure:15298: $? = 0
configure:15308: result: yes
configure:15395: checking if -lm needed for math functions
configure:15418: gcc -o conftest -g -O2  -D_GNU_SOURCE -D_DEFAULT_SOURCE -D_FILE_OFFSET_BITS=64  -DNDEBUG  conftest.c  >&5
/tmp/ccRMNMqC.o: In function `main':
/home/debian/ncurses/ncurses-6.0-20170401/configure:15411: undefined reference to `sin'
/home/debian/ncurses/ncurses-6.0-20170401/configure:15411: undefined reference to `pow'
collect2: error: ld returned 1 exit status
configure:15421: $? = 1
configure: failed program was:
#line 15402 "configure"
#include "confdefs.h"

	#include <stdio.h>
	#include <stdlib.h>
	#include <math.h>

int
main ()
{
double x = rand(); printf("result = %g\n", pow(sin(x),x))
  ;
  return 0;
}
configure:15437: result: yes
configure:15445: checking for ANSI C header files
configure:15573: result: yes
configure:15586: checking for dirent.h that defines DIR
configure:15607: gcc -c -g -O2  -D_GNU_SOURCE -D_DEFAULT_SOURCE -D_FILE_OFFSET_BITS=64  -DNDEBUG conftest.c >&5
configure:15610: $? = 0
configure:15613: test -s conftest.o
configure:15616: $? = 0
configure:15626: result: yes
configure:15639: checking for opendir in -ldir
configure:15666: gcc -o conftest -g -O2  -D_GNU_SOURCE -D_DEFAULT_SOURCE -D_FILE_OFFSET_BITS=64  -DNDEBUG  conftest.c -ldir   >&5
/usr/bin/ld: cannot find -ldir
collect2: error: ld returned 1 exit status
configure:15669: $? = 1
configure: failed program was:
#line 15647 "configure"
#include "confdefs.h"

/* Override any gcc2 internal prototype to avoid an error.  */
#ifdef __cplusplus
extern "C"
#endif
/* We use char because int might match the return type of a gcc2
   builtin and then its argument prototype would still apply.  */
char opendir ();
int
main ()
{
opendir ();
  ;
  return 0;
}
configure:15686: result: no
configure:15748: checking whether time.h and sys/time.h may both be included
configure:15770: gcc -c -g -O2  -D_GNU_SOURCE -D_DEFAULT_SOURCE -D_FILE_OFFSET_BITS=64  -DNDEBUG conftest.c >&5
configure:15773: $? = 0
configure:15776: test -s conftest.o
configure:15779: $? = 0
configure:15789: result: yes
configure:15808: checking for regcomp
configure:15845: gcc -o conftest -g -O2  -D_GNU_SOURCE -D_DEFAULT_SOURCE -D_FILE_OFFSET_BITS=64  -DNDEBUG  conftest.c  >&5
configure:15848: $? = 0
configure:15851: test -s conftest
configure:15854: $? = 0
configure:15864: result: yes
configure:16090: checking for regular-expression headers
configure:16161: gcc -o conftest -g -O2  -D_GNU_SOURCE -D_DEFAULT_SOURCE -D_FILE_OFFSET_BITS=64  -DNDEBUG  conftest.c  >&5
configure:16164: $? = 0
configure:16167: test -s conftest
configure:16170: $? = 0
configure:16186: result: regex.h
configure:16229: checking for fcntl.h
configure:16239: gcc -E  -D_GNU_SOURCE -D_DEFAULT_SOURCE -D_FILE_OFFSET_BITS=64  -DNDEBUG conftest.c
configure:16245: $? = 0
configure:16264: result: yes
configure:16229: checking for getopt.h
configure:16239: gcc -E  -D_GNU_SOURCE -D_DEFAULT_SOURCE -D_FILE_OFFSET_BITS=64  -DNDEBUG conftest.c
configure:16245: $? = 0
configure:16264: result: yes
configure:16229: checking for limits.h
configure:16239: gcc -E  -D_GNU_SOURCE -D_DEFAULT_SOURCE -D_FILE_OFFSET_BITS=64  -DNDEBUG conftest.c
configure:16245: $? = 0
configure:16264: result: yes
configure:16229: checking for locale.h
configure:16239: gcc -E  -D_GNU_SOURCE -D_DEFAULT_SOURCE -D_FILE_OFFSET_BITS=64  -DNDEBUG conftest.c
configure:16245: $? = 0
configure:16264: result: yes
configure:16229: checking for math.h
configure:16239: gcc -E  -D_GNU_SOURCE -D_DEFAULT_SOURCE -D_FILE_OFFSET_BITS=64  -DNDEBUG conftest.c
configure:16245: $? = 0
configure:16264: result: yes
configure:16229: checking for poll.h
configure:16239: gcc -E  -D_GNU_SOURCE -D_DEFAULT_SOURCE -D_FILE_OFFSET_BITS=64  -DNDEBUG conftest.c
configure:16245: $? = 0
configure:16264: result: yes
configure:16229: checking for sys/bsdtypes.h
configure:16239: gcc -E  -D_GNU_SOURCE -D_DEFAULT_SOURCE -D_FILE_OFFSET_BITS=64  -DNDEBUG conftest.c
configure:16236:26: fatal error: sys/bsdtypes.h: No such file or directory
 #include "confdefs.h"
                          ^
compilation terminated.
configure:16245: $? = 1
configure: failed program was:
#line 16235 "configure"
#include "confdefs.h"
#include <sys/bsdtypes.h>
configure:16264: result: no
configure:16229: checking for sys/ioctl.h
configure:16239: gcc -E  -D_GNU_SOURCE -D_DEFAULT_SOURCE -D_FILE_OFFSET_BITS=64  -DNDEBUG conftest.c
configure:16245: $? = 0
configure:16264: result: yes
configure:16229: checking for sys/param.h
configure:16239: gcc -E  -D_GNU_SOURCE -D_DEFAULT_SOURCE -D_FILE_OFFSET_BITS=64  -DNDEBUG conftest.c
configure:16245: $? = 0
configure:16264: result: yes
configure:16229: checking for sys/poll.h
configure:16239: gcc -E  -D_GNU_SOURCE -D_DEFAULT_SOURCE -D_FILE_OFFSET_BITS=64  -DNDEBUG conftest.c
configure:16245: $? = 0
configure:16264: result: yes
configure:16229: checking for sys/select.h
configure:16239: gcc -E  -D_GNU_SOURCE -D_DEFAULT_SOURCE -D_FILE_OFFSET_BITS=64  -DNDEBUG conftest.c
configure:16245: $? = 0
configure:16264: result: yes
configure:16229: checking for sys/time.h
configure:16239: gcc -E  -D_GNU_SOURCE -D_DEFAULT_SOURCE -D_FILE_OFFSET_BITS=64  -DNDEBUG conftest.c
configure:16245: $? = 0
configure:16264: result: yes
configure:16229: checking for sys/times.h
configure:16239: gcc -E  -D_GNU_SOURCE -D_DEFAULT_SOURCE -D_FILE_OFFSET_BITS=64  -DNDEBUG conftest.c
configure:16245: $? = 0
configure:16264: result: yes
configure:16229: checking for ttyent.h
configure:16239: gcc -E  -D_GNU_SOURCE -D_DEFAULT_SOURCE -D_FILE_OFFSET_BITS=64  -DNDEBUG conftest.c
configure:16245: $? = 0
configure:16264: result: yes
configure:16229: checking for unistd.h
configure:16264: result: yes
configure:16229: checking for wctype.h
configure:16239: gcc -E  -D_GNU_SOURCE -D_DEFAULT_SOURCE -D_FILE_OFFSET_BITS=64  -DNDEBUG conftest.c
configure:16245: $? = 0
configure:16264: result: yes
configure:16277: checking for unistd.h
configure:16312: result: yes
configure:16277: checking for getopt.h
configure:16312: result: yes
configure:16322: checking for header declaring getopt variables
configure:16345: gcc -c -g -O2  -D_GNU_SOURCE -D_DEFAULT_SOURCE -D_FILE_OFFSET_BITS=64  -DNDEBUG conftest.c >&5
configure: In function 'main':
configure:16338:9: error: 'optind' undeclared (first use in this function)
 {
         ^
configure:16338:9: note: each undeclared identifier is reported only once for each function it appears in
configure:16338:27: error: 'optarg' undeclared (first use in this function)
 {
                           ^
configure:16348: $? = 1
configure: failed program was:
#line 16332 "configure"
#include "confdefs.h"

#include <stdio.h>
int
main ()
{
int x = optind; char *y = optarg
  ;
  return 0;
}
configure:16345: gcc -c -g -O2  -D_GNU_SOURCE -D_DEFAULT_SOURCE -D_FILE_OFFSET_BITS=64  -DNDEBUG conftest.c >&5
configure: In function 'main':
configure:16338:9: error: 'optind' undeclared (first use in this function)
 {
         ^
configure:16338:9: note: each undeclared identifier is reported only once for each function it appears in
configure:16338:27: error: 'optarg' undeclared (first use in this function)
 {
                           ^
configure:16348: $? = 1
configure: failed program was:
#line 16332 "configure"
#include "confdefs.h"

#include <stdlib.h>
int
main ()
{
int x = optind; char *y = optarg
  ;
  return 0;
}
configure:16345: gcc -c -g -O2  -D_GNU_SOURCE -D_DEFAULT_SOURCE -D_FILE_OFFSET_BITS=64  -DNDEBUG conftest.c >&5
configure:16348: $? = 0
configure:16351: test -s conftest.o
configure:16354: $? = 0
configure:16366: result: unistd.h
configure:16508: checking if sys/time.h works with sys/select.h
configure:16535: gcc -c -g -O2  -D_GNU_SOURCE -D_DEFAULT_SOURCE -D_FILE_OFFSET_BITS=64  -DNDEBUG conftest.c >&5
configure:16538: $? = 0
configure:16541: test -s conftest.o
configure:16544: $? = 0
configure:16556: result: yes
configure:16571: checking for an ANSI C-conforming const
configure:16635: gcc -c -g -O2  -D_GNU_SOURCE -D_DEFAULT_SOURCE -D_FILE_OFFSET_BITS=64  -DNDEBUG conftest.c >&5
configure:16638: $? = 0
configure:16641: test -s conftest.o
configure:16644: $? = 0
configure:16654: result: yes
configure:16664: checking for inline
configure:16681: gcc -c -g -O2  -D_GNU_SOURCE -D_DEFAULT_SOURCE -D_FILE_OFFSET_BITS=64  -DNDEBUG conftest.c >&5
configure:16684: $? = 0
configure:16687: test -s conftest.o
configure:16690: $? = 0
configure:16701: result: inline
configure:16727: checking if gcc supports options to tune inlining
configure:16748: gcc -c -g -O2 --param max-inline-insns-single=1200  -D_GNU_SOURCE -D_DEFAULT_SOURCE -D_FILE_OFFSET_BITS=64  -DNDEBUG conftest.c >&5
configure:16751: $? = 0
configure:16754: test -s conftest.o
configure:16757: $? = 0
configure:16769: result: yes
configure:16875: checking for signal global datatype
configure:16910: gcc -c -g -O2 --param max-inline-insns-single=1200  -D_GNU_SOURCE -D_DEFAULT_SOURCE -D_FILE_OFFSET_BITS=64  -DNDEBUG conftest.c >&5
configure:16913: $? = 0
configure:16916: test -s conftest.o
configure:16919: $? = 0
configure:16933: result: volatile sig_atomic_t
configure:17022: checking if unsigned literals are legal
configure:17041: gcc -c -g -O2 --param max-inline-insns-single=1200  -D_GNU_SOURCE -D_DEFAULT_SOURCE -D_FILE_OFFSET_BITS=64  -DNDEBUG conftest.c >&5
configure:17044: $? = 0
configure:17047: test -s conftest.o
configure:17050: $? = 0
configure:17062: result: yes
configure:17078: checking if external errno is declared
configure:17103: gcc -c -g -O2 --param max-inline-insns-single=1200  -D_GNU_SOURCE -D_DEFAULT_SOURCE -D_FILE_OFFSET_BITS=64  -DNDEBUG conftest.c >&5
configure:17106: $? = 0
configure:17109: test -s conftest.o
configure:17112: $? = 0
configure:17123: result: yes
configure:17138: checking if external errno exists
configure:17160: gcc -o conftest -g -O2 --param max-inline-insns-single=1200  -D_GNU_SOURCE -D_DEFAULT_SOURCE -D_FILE_OFFSET_BITS=64  -DNDEBUG  conftest.c  >&5
/usr/bin/ld: errno: TLS definition in /lib/arm-linux-gnueabihf/libc.so.6 section .tbss mismatches non-TLS reference in /tmp/ccMFC8eT.o
/lib/arm-linux-gnueabihf/libc.so.6: error adding symbols: Bad value
collect2: error: ld returned 1 exit status
configure:17163: $? = 1
configure: failed program was:
#line 17145 "configure"
#include "confdefs.h"

#undef errno
extern int errno;

int
main ()
{
errno = 2
  ;
  return 0;
}
configure:17180: result: no
configure:17193: checking if data-only library module links
configure:17204: gcc -c -g -O2 --param max-inline-insns-single=1200  -D_GNU_SOURCE -D_DEFAULT_SOURCE -D_FILE_OFFSET_BITS=64  -DNDEBUG conftest.c >&5
configure:17207: $? = 0
configure:17227: gcc -c -g -O2 --param max-inline-insns-single=1200  -D_GNU_SOURCE -D_DEFAULT_SOURCE -D_FILE_OFFSET_BITS=64  -DNDEBUG conftest.c >&5
configure:17230: $? = 0
configure:17254: gcc -o conftest -g -O2 --param max-inline-insns-single=1200  -D_GNU_SOURCE -D_DEFAULT_SOURCE -D_FILE_OFFSET_BITS=64  -DNDEBUG  conftest.c conftest.a  >&5
configure:17257: $? = 0
configure:17259: ./conftest
configure:17262: $? = 0
configure:17277: result: yes
configure:17316: checking for getcwd
configure:17353: gcc -o conftest -g -O2 --param max-inline-insns-single=1200  -D_GNU_SOURCE -D_DEFAULT_SOURCE -D_FILE_OFFSET_BITS=64  -DNDEBUG  conftest.c  >&5
configure:17356: $? = 0
configure:17359: test -s conftest
configure:17362: $? = 0
configure:17372: result: yes
configure:17316: checking for getegid
configure:17353: gcc -o conftest -g -O2 --param max-inline-insns-single=1200  -D_GNU_SOURCE -D_DEFAULT_SOURCE -D_FILE_OFFSET_BITS=64  -DNDEBUG  conftest.c  >&5
configure:17356: $? = 0
configure:17359: test -s conftest
configure:17362: $? = 0
configure:17372: result: yes
configure:17316: checking for geteuid
configure:17353: gcc -o conftest -g -O2 --param max-inline-insns-single=1200  -D_GNU_SOURCE -D_DEFAULT_SOURCE -D_FILE_OFFSET_BITS=64  -DNDEBUG  conftest.c  >&5
configure:17356: $? = 0
configure:17359: test -s conftest
configure:17362: $? = 0
configure:17372: result: yes
configure:17316: checking for getopt
configure:17353: gcc -o conftest -g -O2 --param max-inline-insns-single=1200  -D_GNU_SOURCE -D_DEFAULT_SOURCE -D_FILE_OFFSET_BITS=64  -DNDEBUG  conftest.c  >&5
configure:17356: $? = 0
configure:17359: test -s conftest
configure:17362: $? = 0
configure:17372: result: yes
configure:17316: checking for getttynam
configure:17353: gcc -o conftest -g -O2 --param max-inline-insns-single=1200  -D_GNU_SOURCE -D_DEFAULT_SOURCE -D_FILE_OFFSET_BITS=64  -DNDEBUG  conftest.c  >&5
configure:17356: $? = 0
configure:17359: test -s conftest
configure:17362: $? = 0
configure:17372: result: yes
configure:17316: checking for issetugid
configure:17353: gcc -o conftest -g -O2 --param max-inline-insns-single=1200  -D_GNU_SOURCE -D_DEFAULT_SOURCE -D_FILE_OFFSET_BITS=64  -DNDEBUG  conftest.c  >&5
/tmp/ccYHH1xu.o: In function `main':
/home/debian/ncurses/ncurses-6.0-20170401/configure:17344: undefined reference to `issetugid'
/home/debian/ncurses/ncurses-6.0-20170401/configure:17344: undefined reference to `issetugid'
collect2: error: ld returned 1 exit status
configure:17356: $? = 1
configure: failed program was:
#line 17322 "configure"
#include "confdefs.h"
/* System header to define __stub macros and hopefully few prototypes,
    which can conflict with char issetugid (); below.  */
#include <assert.h>
/* Override any gcc2 internal prototype to avoid an error.  */
#ifdef __cplusplus
extern "C"
#endif
/* We use char because int might match the return type of a gcc2
   builtin and then its argument prototype would still apply.  */
char issetugid ();
char (*f) ();

int
main ()
{
/* The GNU C library defines this for functions which it implements
    to always fail with ENOSYS.  Some functions are actually named
    something starting with __ and the normal name is an alias.  */
#if defined (__stub_issetugid) || defined (__stub___issetugid)
choke me
#else
f = issetugid; /* workaround for ICC 12.0.3 */ if (f == 0) return 1;
#endif

  ;
  return 0;
}
configure:17372: result: no
configure:17316: checking for poll
configure:17353: gcc -o conftest -g -O2 --param max-inline-insns-single=1200  -D_GNU_SOURCE -D_DEFAULT_SOURCE -D_FILE_OFFSET_BITS=64  -DNDEBUG  conftest.c  >&5
configure:17356: $? = 0
configure:17359: test -s conftest
configure:17362: $? = 0
configure:17372: result: yes
configure:17316: checking for putenv
configure:17353: gcc -o conftest -g -O2 --param max-inline-insns-single=1200  -D_GNU_SOURCE -D_DEFAULT_SOURCE -D_FILE_OFFSET_BITS=64  -DNDEBUG  conftest.c  >&5
configure:17356: $? = 0
configure:17359: test -s conftest
configure:17362: $? = 0
configure:17372: result: yes
configure:17316: checking for remove
configure:17372: result: yes
configure:17316: checking for select
configure:17353: gcc -o conftest -g -O2 --param max-inline-insns-single=1200  -D_GNU_SOURCE -D_DEFAULT_SOURCE -D_FILE_OFFSET_BITS=64  -DNDEBUG  conftest.c  >&5
configure:17356: $? = 0
configure:17359: test -s conftest
configure:17362: $? = 0
configure:17372: result: yes
configure:17316: checking for setbuf
configure:17353: gcc -o conftest -g -O2 --param max-inline-insns-single=1200  -D_GNU_SOURCE -D_DEFAULT_SOURCE -D_FILE_OFFSET_BITS=64  -DNDEBUG  conftest.c  >&5
configure:17356: $? = 0
configure:17359: test -s conftest
configure:17362: $? = 0
configure:17372: result: yes
configure:17316: checking for setbuffer
configure:17353: gcc -o conftest -g -O2 --param max-inline-insns-single=1200  -D_GNU_SOURCE -D_DEFAULT_SOURCE -D_FILE_OFFSET_BITS=64  -DNDEBUG  conftest.c  >&5
configure:17356: $? = 0
configure:17359: test -s conftest
configure:17362: $? = 0
configure:17372: result: yes
configure:17316: checking for setenv
configure:17353: gcc -o conftest -g -O2 --param max-inline-insns-single=1200  -D_GNU_SOURCE -D_DEFAULT_SOURCE -D_FILE_OFFSET_BITS=64  -DNDEBUG  conftest.c  >&5
configure:17356: $? = 0
configure:17359: test -s conftest
configure:17362: $? = 0
configure:17372: result: yes
configure:17316: checking for setvbuf
configure:17353: gcc -o conftest -g -O2 --param max-inline-insns-single=1200  -D_GNU_SOURCE -D_DEFAULT_SOURCE -D_FILE_OFFSET_BITS=64  -DNDEBUG  conftest.c  >&5
configure:17356: $? = 0
configure:17359: test -s conftest
configure:17362: $? = 0
configure:17372: result: yes
configure:17316: checking for sigaction
configure:17353: gcc -o conftest -g -O2 --param max-inline-insns-single=1200  -D_GNU_SOURCE -D_DEFAULT_SOURCE -D_FILE_OFFSET_BITS=64  -DNDEBUG  conftest.c  >&5
configure:17356: $? = 0
configure:17359: test -s conftest
configure:17362: $? = 0
configure:17372: result: yes
configure:17316: checking for sigvec
configure:17353: gcc -o conftest -g -O2 --param max-inline-insns-single=1200  -D_GNU_SOURCE -D_DEFAULT_SOURCE -D_FILE_OFFSET_BITS=64  -DNDEBUG  conftest.c  >&5
configure:17356: $? = 0
configure:17359: test -s conftest
configure:17362: $? = 0
configure:17372: result: yes
configure:17316: checking for strdup
configure:17353: gcc -o conftest -g -O2 --param max-inline-insns-single=1200  -D_GNU_SOURCE -D_DEFAULT_SOURCE -D_FILE_OFFSET_BITS=64  -DNDEBUG  conftest.c  >&5
configure:17332:6: warning: conflicting types for built-in function 'strdup'
    builtin and then its argument prototype would still apply.  */
      ^
configure:17356: $? = 0
configure:17359: test -s conftest
configure:17362: $? = 0
configure:17372: result: yes
configure:17316: checking for strstr
configure:17353: gcc -o conftest -g -O2 --param max-inline-insns-single=1200  -D_GNU_SOURCE -D_DEFAULT_SOURCE -D_FILE_OFFSET_BITS=64  -DNDEBUG  conftest.c  >&5
configure:17332:6: warning: conflicting types for built-in function 'strstr'
    builtin and then its argument prototype would still apply.  */
      ^
configure:17356: $? = 0
configure:17359: test -s conftest
configure:17362: $? = 0
configure:17372: result: yes
configure:17316: checking for tcgetpgrp
configure:17353: gcc -o conftest -g -O2 --param max-inline-insns-single=1200  -D_GNU_SOURCE -D_DEFAULT_SOURCE -D_FILE_OFFSET_BITS=64  -DNDEBUG  conftest.c  >&5
configure:17356: $? = 0
configure:17359: test -s conftest
configure:17362: $? = 0
configure:17372: result: yes
configure:17316: checking for times
configure:17353: gcc -o conftest -g -O2 --param max-inline-insns-single=1200  -D_GNU_SOURCE -D_DEFAULT_SOURCE -D_FILE_OFFSET_BITS=64  -DNDEBUG  conftest.c  >&5
configure:17356: $? = 0
configure:17359: test -s conftest
configure:17362: $? = 0
configure:17372: result: yes
configure:17316: checking for vsnprintf
configure:17353: gcc -o conftest -g -O2 --param max-inline-insns-single=1200  -D_GNU_SOURCE -D_DEFAULT_SOURCE -D_FILE_OFFSET_BITS=64  -DNDEBUG  conftest.c  >&5
configure:17332:6: warning: conflicting types for built-in function 'vsnprintf'
    builtin and then its argument prototype would still apply.  */
      ^
configure:17356: $? = 0
configure:17359: test -s conftest
configure:17362: $? = 0
configure:17372: result: yes
configure:17512: checking for isascii
configure:17531: gcc -o conftest -g -O2 --param max-inline-insns-single=1200  -D_GNU_SOURCE -D_DEFAULT_SOURCE -D_FILE_OFFSET_BITS=64  -DNDEBUG  conftest.c  >&5
configure:17534: $? = 0
configure:17537: test -s conftest
configure:17540: $? = 0
configure:17551: result: yes
configure:17559: checking whether sigaction needs _POSIX_SOURCE
configure:17576: gcc -c -g -O2 --param max-inline-insns-single=1200  -D_GNU_SOURCE -D_DEFAULT_SOURCE -D_FILE_OFFSET_BITS=64  -DNDEBUG conftest.c >&5
configure:17579: $? = 0
configure:17582: test -s conftest.o
configure:17585: $? = 0
configure:17633: result: no
configure:17637: checking if nanosleep really works
configure:17672: gcc -o conftest -g -O2 --param max-inline-insns-single=1200  -D_GNU_SOURCE -D_DEFAULT_SOURCE -D_FILE_OFFSET_BITS=64  -DNDEBUG  conftest.c  >&5
configure:17675: $? = 0
configure:17677: ./conftest
configure:17680: $? = 0
configure:17692: result: yes
configure:17707: checking for termio.h
configure:17717: gcc -E  -D_GNU_SOURCE -D_DEFAULT_SOURCE -D_FILE_OFFSET_BITS=64  -DNDEBUG conftest.c
configure:17723: $? = 0
configure:17742: result: yes
configure:17707: checking for termios.h
configure:17717: gcc -E  -D_GNU_SOURCE -D_DEFAULT_SOURCE -D_FILE_OFFSET_BITS=64  -DNDEBUG conftest.c
configure:17723: $? = 0
configure:17742: result: yes
configure:17707: checking for unistd.h
configure:17742: result: yes
configure:17810: checking whether termios.h needs _POSIX_SOURCE
configure:17825: gcc -c -g -O2 --param max-inline-insns-single=1200  -D_GNU_SOURCE -D_DEFAULT_SOURCE -D_FILE_OFFSET_BITS=64  -DNDEBUG conftest.c >&5
configure:17828: $? = 0
configure:17831: test -s conftest.o
configure:17834: $? = 0
configure:17881: result: no
configure:17886: checking for tcgetattr
configure:17921: gcc -o conftest -g -O2 --param max-inline-insns-single=1200  -D_GNU_SOURCE -D_DEFAULT_SOURCE -D_FILE_OFFSET_BITS=64  -DNDEBUG  conftest.c  >&5
configure:17924: $? = 0
configure:17927: test -s conftest
configure:17930: $? = 0
configure:17940: result: yes
configure:17947: checking for vsscanf function or workaround
configure:17970: gcc -o conftest -g -O2 --param max-inline-insns-single=1200  -D_GNU_SOURCE -D_DEFAULT_SOURCE -D_FILE_OFFSET_BITS=64  -DNDEBUG  conftest.c  >&5
configure:17973: $? = 0
configure:17976: test -s conftest
configure:17979: $? = 0
configure:18072: result: vsscanf
configure:18098: checking for unistd.h
configure:18133: result: yes
configure:18143: checking for working mkstemp
configure:18195: gcc -o conftest -g -O2 --param max-inline-insns-single=1200  -D_GNU_SOURCE -D_DEFAULT_SOURCE -D_FILE_OFFSET_BITS=64  -DNDEBUG  conftest.c  >&5
configure:18198: $? = 0
configure:18200: ./conftest
configure:18203: $? = 0
configure:18218: result: yes
configure:18301: checking whether setvbuf arguments are reversed
configure:18329: gcc -o conftest -g -O2 --param max-inline-insns-single=1200  -D_GNU_SOURCE -D_DEFAULT_SOURCE -D_FILE_OFFSET_BITS=64  -DNDEBUG  conftest.c  >&5
configure: In function 'main':
configure:18321:23: warning: passing argument 2 of 'setvbuf' makes pointer from integer without a cast
      is not _IOLBF, _IONBF, or _IOFBF, and return nonzero.  */
                       ^
In file included from configure:18313:0:
/usr/include/stdio.h:336:12: note: expected 'char * __restrict__' but argument is of type 'int'
 extern int setvbuf (FILE *__restrict __stream, char *__restrict __buf,
            ^
configure:18321:31: warning: passing argument 3 of 'setvbuf' makes integer from pointer without a cast
      is not _IOLBF, _IONBF, or _IOFBF, and return nonzero.  */
                               ^
In file included from configure:18313:0:
/usr/include/stdio.h:336:12: note: expected 'int' but argument is of type 'char *'
 extern int setvbuf (FILE *__restrict __stream, char *__restrict __buf,
            ^
configure:18332: $? = 0
configure:18334: ./conftest
configure:18337: $? = 1
configure: program exited with status 1
configure: failed program was:
#line 18312 "configure"
#include "confdefs.h"
#include <stdio.h>
/* If setvbuf has the reversed format, exit 0. */
int
main ()
{
  /* This call has the arguments reversed.
     A reversed system may check and see that the address of main
     is not _IOLBF, _IONBF, or _IOFBF, and return nonzero.  */
  if (setvbuf(stdout, _IOLBF, (char *) main, BUFSIZ) != 0)
    return(1);
  putc('\r', stdout);
  return(0);			/* Non-reversed systems segv here.  */
}
configure:18350: result: no
configure:18361: checking for intptr_t
configure:18382: gcc -c -g -O2 --param max-inline-insns-single=1200  -D_GNU_SOURCE -D_DEFAULT_SOURCE -D_FILE_OFFSET_BITS=64  -DNDEBUG conftest.c >&5
configure:18385: $? = 0
configure:18388: test -s conftest.o
configure:18391: $? = 0
configure:18401: result: yes
configure:18413: checking for ssize_t
configure:18434: gcc -c -g -O2 --param max-inline-insns-single=1200  -D_GNU_SOURCE -D_DEFAULT_SOURCE -D_FILE_OFFSET_BITS=64  -DNDEBUG conftest.c >&5
configure:18437: $? = 0
configure:18440: test -s conftest.o
configure:18443: $? = 0
configure:18453: result: yes
configure:18465: checking for type sigaction_t
configure:18485: gcc -c -g -O2 --param max-inline-insns-single=1200  -D_GNU_SOURCE -D_DEFAULT_SOURCE -D_FILE_OFFSET_BITS=64  -DNDEBUG conftest.c >&5
configure: In function 'main':
configure:18478:1: error: unknown type name 'sigaction_t'
 {
 ^
configure:18488: $? = 1
configure: failed program was:
#line 18472 "configure"
#include "confdefs.h"

#include <signal.h>
int
main ()
{
sigaction_t x
  ;
  return 0;
}
configure:18505: result: no
configure:18512: checking declaration of size-change
configure:18571: gcc -c -g -O2 --param max-inline-insns-single=1200  -D_GNU_SOURCE -D_DEFAULT_SOURCE -D_FILE_OFFSET_BITS=64  -DNDEBUG conftest.c >&5
configure:18574: $? = 0
configure:18577: test -s conftest.o
configure:18580: $? = 0
size-change succeeded ()
configure:18599: result: yes
configure:18617: checking for memmove
configure:18654: gcc -o conftest -g -O2 --param max-inline-insns-single=1200  -D_GNU_SOURCE -D_DEFAULT_SOURCE -D_FILE_OFFSET_BITS=64  -DNDEBUG  conftest.c  >&5
configure:18633:6: warning: conflicting types for built-in function 'memmove'
    builtin and then its argument prototype would still apply.  */
      ^
configure:18657: $? = 0
configure:18660: test -s conftest
configure:18663: $? = 0
configure:18673: result: yes
configure:18877: checking if poll really works
configure:18939: gcc -o conftest -g -O2 --param max-inline-insns-single=1200  -D_GNU_SOURCE -D_DEFAULT_SOURCE -D_FILE_OFFSET_BITS=64  -DNDEBUG  conftest.c  >&5
configure:18942: $? = 0
configure:18944: ./conftest
configure:18947: $? = 0
configure:18959: result: yes
configure:18966: checking for va_copy
configure:18990: gcc -o conftest -g -O2 --param max-inline-insns-single=1200  -D_GNU_SOURCE -D_DEFAULT_SOURCE -D_FILE_OFFSET_BITS=64  -DNDEBUG  conftest.c  >&5
configure:18993: $? = 0
configure:18996: test -s conftest
configure:18999: $? = 0
configure:19009: result: yes
configure:19017: checking for __va_copy
configure:19041: gcc -o conftest -g -O2 --param max-inline-insns-single=1200  -D_GNU_SOURCE -D_DEFAULT_SOURCE -D_FILE_OFFSET_BITS=64  -DNDEBUG  conftest.c  >&5
configure:19044: $? = 0
configure:19047: test -s conftest
configure:19050: $? = 0
configure:19060: result: yes
configure:19068: checking for pid_t
configure:19089: gcc -c -g -O2 --param max-inline-insns-single=1200  -D_GNU_SOURCE -D_DEFAULT_SOURCE -D_FILE_OFFSET_BITS=64  -DNDEBUG conftest.c >&5
configure:19092: $? = 0
configure:19095: test -s conftest.o
configure:19098: $? = 0
configure:19108: result: yes
configure:19123: checking for unistd.h
configure:19158: result: yes
configure:19123: checking for vfork.h
configure:19133: gcc -E  -D_GNU_SOURCE -D_DEFAULT_SOURCE -D_FILE_OFFSET_BITS=64  -DNDEBUG conftest.c
configure:19130:19: fatal error: vfork.h: No such file or directory
 #include "confdefs.h"
                   ^
compilation terminated.
configure:19139: $? = 1
configure: failed program was:
#line 19129 "configure"
#include "confdefs.h"
#include <vfork.h>
configure:19158: result: no
configure:19171: checking for fork
configure:19208: gcc -o conftest -g -O2 --param max-inline-insns-single=1200  -D_GNU_SOURCE -D_DEFAULT_SOURCE -D_FILE_OFFSET_BITS=64  -DNDEBUG  conftest.c  >&5
configure:19187:6: warning: conflicting types for built-in function 'fork'
    builtin and then its argument prototype would still apply.  */
      ^
configure:19211: $? = 0
configure:19214: test -s conftest
configure:19217: $? = 0
configure:19227: result: yes
configure:19171: checking for vfork
configure:19208: gcc -o conftest -g -O2 --param max-inline-insns-single=1200  -D_GNU_SOURCE -D_DEFAULT_SOURCE -D_FILE_OFFSET_BITS=64  -DNDEBUG  conftest.c  >&5
configure:19211: $? = 0
configure:19214: test -s conftest
configure:19217: $? = 0
configure:19227: result: yes
configure:19239: checking for working fork
configure:19282: result: yes
configure:19301: checking for working vfork
configure:19427: result: yes
configure:19460: checking for openpty in -lutil
configure:19487: gcc -o conftest -g -O2 --param max-inline-insns-single=1200  -D_GNU_SOURCE -D_DEFAULT_SOURCE -D_FILE_OFFSET_BITS=64  -DNDEBUG  conftest.c -lutil   >&5
configure:19490: $? = 0
configure:19493: test -s conftest
configure:19496: $? = 0
configure:19507: result: yes
configure:19515: checking for openpty header
configure:19559: gcc -o conftest -g -O2 --param max-inline-insns-single=1200  -D_GNU_SOURCE -D_DEFAULT_SOURCE -D_FILE_OFFSET_BITS=64  -DNDEBUG  conftest.c -lutil >&5
configure:19562: $? = 0
configure:19565: test -s conftest
configure:19568: $? = 0
configure:19586: result: pty.h
configure:20222: checking if we should include stdbool.h
configure:20242: gcc -c -O2 --param max-inline-insns-single=1200  -D_GNU_SOURCE -D_DEFAULT_SOURCE -D_FILE_OFFSET_BITS=64  -DNDEBUG conftest.c >&5
configure: In function 'main':
configure:20235:1: error: unknown type name 'bool'
 {
 ^
configure:20235:12: error: 'false' undeclared (first use in this function)
 {
            ^
configure:20235:12: note: each undeclared identifier is reported only once for each function it appears in
configure:20245: $? = 1
configure: failed program was:
#line 20230 "configure"
#include "confdefs.h"

int
main ()
{
bool foo = false
  ;
  return 0;
}
configure:20274: gcc -c -O2 --param max-inline-insns-single=1200  -D_GNU_SOURCE -D_DEFAULT_SOURCE -D_FILE_OFFSET_BITS=64  -DNDEBUG conftest.c >&5
configure:20277: $? = 0
configure:20280: test -s conftest.o
configure:20283: $? = 0
configure:20297: result: yes
configure:20303: checking for builtin bool type
configure:20326: gcc -c -O2 --param max-inline-insns-single=1200  -D_GNU_SOURCE -D_DEFAULT_SOURCE -D_FILE_OFFSET_BITS=64  -DNDEBUG conftest.c >&5
configure: In function 'main':
configure:20319:1: error: unknown type name 'bool'
 {
 ^
configure:20319:10: error: 'false' undeclared (first use in this function)
 {
          ^
configure:20319:10: note: each undeclared identifier is reported only once for each function it appears in
configure:20329: $? = 1
configure: failed program was:
#line 20311 "configure"
#include "confdefs.h"

#include <stdio.h>
#include <sys/types.h>

int
main ()
{
bool x = false
  ;
  return 0;
}
configure:20350: result: no
configure:20367: checking if we already have C++ library
configure:20384: /usr/bin/g++ -o conftest -O2  -D_GNU_SOURCE -D_DEFAULT_SOURCE -D_FILE_OFFSET_BITS=64  -DNDEBUG  conftest.cc   >&5
configure:20387: $? = 0
configure:20390: test -s conftest
configure:20393: $? = 0
configure:20402: result: yes
configure:20504: checking whether /usr/bin/g++ understands -c and -o together
configure:20519: /usr/bin/g++ -O2  -D_GNU_SOURCE -D_DEFAULT_SOURCE -D_FILE_OFFSET_BITS=64  -DNDEBUG -c conftest.cc -o conftest2.o >&5
configure:20522: $? = 0
configure:20524: /usr/bin/g++ -O2  -D_GNU_SOURCE -D_DEFAULT_SOURCE -D_FILE_OFFSET_BITS=64  -DNDEBUG -c conftest.cc -o conftest2.o >&5
configure:20527: $? = 0
configure:20538: result: yes
configure:20714: checking how to run the C++ preprocessor
configure:20736: /usr/bin/g++ -E  -D_GNU_SOURCE -D_DEFAULT_SOURCE -D_FILE_OFFSET_BITS=64  -DNDEBUG conftest.cc
configure:20742: $? = 0
configure:20769: /usr/bin/g++ -E  -D_GNU_SOURCE -D_DEFAULT_SOURCE -D_FILE_OFFSET_BITS=64  -DNDEBUG conftest.cc
configure:20766:28: fatal error: ac_nonexistent.h: No such file or directory
 #include "confdefs.h"
                            ^
compilation terminated.
configure:20775: $? = 1
configure: failed program was:
#line 20765 "configure"
#include "confdefs.h"
#include <ac_nonexistent.h>
configure:20812: result: /usr/bin/g++ -E
configure:20827: /usr/bin/g++ -E  -D_GNU_SOURCE -D_DEFAULT_SOURCE -D_FILE_OFFSET_BITS=64  -DNDEBUG conftest.cc
configure:20833: $? = 0
configure:20860: /usr/bin/g++ -E  -D_GNU_SOURCE -D_DEFAULT_SOURCE -D_FILE_OFFSET_BITS=64  -DNDEBUG conftest.cc
configure:20857:28: fatal error: ac_nonexistent.h: No such file or directory
 #include "confdefs.h"
                            ^
compilation terminated.
configure:20866: $? = 1
configure: failed program was:
#line 20856 "configure"
#include "confdefs.h"
#include <ac_nonexistent.h>
configure:20909: checking for typeinfo
configure:20919: /usr/bin/g++ -E  -D_GNU_SOURCE -D_DEFAULT_SOURCE -D_FILE_OFFSET_BITS=64  -DNDEBUG conftest.cc
configure:20925: $? = 0
configure:20944: result: yes
configure:20957: checking for iostream
configure:20967: /usr/bin/g++ -E  -D_GNU_SOURCE -D_DEFAULT_SOURCE -D_FILE_OFFSET_BITS=64  -DNDEBUG conftest.cc
configure:20973: $? = 0
configure:20992: result: yes
configure:21003: checking if iostream uses std-namespace
configure:21023: /usr/bin/g++ -c -O2  -D_GNU_SOURCE -D_DEFAULT_SOURCE -D_FILE_OFFSET_BITS=64  -DNDEBUG conftest.cc >&5
configure:21026: $? = 0
configure:21029: test -s conftest.o
configure:21032: $? = 0
configure:21041: result: yes
configure:21052: checking if we should include stdbool.h
configure:21127: result: yes
configure:21133: checking for builtin bool type
configure:21156: /usr/bin/g++ -c -O2  -D_GNU_SOURCE -D_DEFAULT_SOURCE -D_FILE_OFFSET_BITS=64  -DNDEBUG conftest.cc >&5
configure:21159: $? = 0
configure:21162: test -s conftest.o
configure:21165: $? = 0
configure:21178: result: yes
configure:21184: checking for size of bool
configure:21237: /usr/bin/g++ -o conftest -O2  -D_GNU_SOURCE -D_DEFAULT_SOURCE -D_FILE_OFFSET_BITS=64  -DNDEBUG  conftest.cc  >&5
configure:21240: $? = 0
configure:21242: ./conftest
configure:21245: $? = 0
configure:21263: result: unsigned char
configure:21274: checking for special defines needed for etip.h
configure:21306: /usr/bin/g++ -c -O2 -I./c++ -I./menu -Iinclude -I./include  -D_GNU_SOURCE -D_DEFAULT_SOURCE -D_FILE_OFFSET_BITS=64  -DNDEBUG conftest.cc >&5
configure:21309: $? = 0
configure:21312: test -s conftest.o
configure:21315: $? = 0
configure:21336: result:  
configure:21341: checking if /usr/bin/g++ accepts parameter initialization
configure:21377: /usr/bin/g++ -o conftest -O2  -D_GNU_SOURCE -D_DEFAULT_SOURCE -D_FILE_OFFSET_BITS=64  -DNDEBUG  conftest.cc  >&5
configure:21368:21: error: default argument given for parameter 1 of 'TEST::TEST(int)' [-fpermissive]
 
                     ^
configure:21364:2: note: previous specification in 'TEST::TEST(int)' here
 public:
  ^
configure:21380: $? = 1
configure: program exited with status 1
configure: failed program was:
#line 21358 "configure"
#include "confdefs.h"

class TEST {
private:
	int value;
public:
	TEST(int x = 1);
	~TEST();
};

TEST::TEST(int x = 1)	// some compilers do not like second initializer
{
	value = x;
}
int main(void) { }

configure:21404: result: no
configure:21414: checking if /usr/bin/g++ accepts static_cast
configure:21472: /usr/bin/g++ -c -O2  -D_GNU_SOURCE -D_DEFAULT_SOURCE -D_FILE_OFFSET_BITS=64  -DNDEBUG conftest.cc >&5
configure:21475: $? = 0
configure:21478: test -s conftest.o
configure:21481: $? = 0
configure:21499: result: yes
configure:21685: checking for gnatmake
configure:21709: result: no
configure:22414: checking for library subsets
configure:22456: result: ticlib+termlib+ext_tinfo+base+ext_funcs
configure:22487: checking default library suffix
configure:22498: result: 
configure:22501: checking default library-dependency suffix
configure:22559: result: .a
configure:22562: checking default object directory
configure:22578: result: objects
configure:22582: checking c++ library-dependency suffix
configure:22650: result: .a
configure:22826: checking if linker supports switching between static/dynamic
configure:22835: /usr/bin/g++ -c -O2 -I. -I../include  -D_GNU_SOURCE -D_DEFAULT_SOURCE -D_FILE_OFFSET_BITS=64  -DNDEBUG conftest.cc >&5
configure:22838: $? = 0
configure:22867: /usr/bin/g++ -o conftest -O2 -I. -I../include  -D_GNU_SOURCE -D_DEFAULT_SOURCE -D_FILE_OFFSET_BITS=64  -DNDEBUG  conftest.cc -static -L/home/debian/ncurses/ncurses-6.0-20170401 -lconftest   >&5
configure:22870: $? = 0
configure:22873: test -s conftest
configure:22876: $? = 0
configure:22899: result: no
configure:22915: checking where we will install curses.h
configure:22925: result: ${prefix}/include
configure:22951: checking for src modules
configure:23016: result: ncurses progs panel menu form
configure:23253: checking for tic
configure:23270: found /usr/bin/tic
configure:23282: result: /usr/bin/tic
configure:23340: checking for defines to add to ncurses6-config script
configure:23356: result:  -D_GNU_SOURCE -D_DEFAULT_SOURCE
configure:23517: creating ./config.status

## ----------------------- ##
## Running config.status.  ##
## ----------------------- ##

This file was extended by config.status 2.52.20150926, executed with
  CONFIG_FILES    = 
  CONFIG_HEADERS  = 
  CONFIG_LINKS    = 
  CONFIG_COMMANDS = 
  > ./config.status 
on beaglebone

config.status:24310: creating include/MKterm.h.awk
config.status:24310: creating include/curses.head
config.status:24310: creating include/ncurses_dll.h
config.status:24310: creating include/termcap.h
config.status:24310: creating include/unctrl.h
config.status:24310: creating man/Makefile
config.status:24310: creating include/Makefile
config.status:24310: creating ncurses/Makefile
config.status:24310: creating progs/Makefile
config.status:24310: creating panel/Makefile
config.status:24310: creating menu/Makefile
config.status:24310: creating form/Makefile
config.status:24310: creating test/Makefile
config.status:24310: creating misc/Makefile
config.status:24310: creating c++/Makefile
config.status:24310: creating misc/run_tic.sh
config.status:24310: creating misc/ncurses-config
config.status:24310: creating man/ncurses6-config.1
config.status:24310: creating Makefile
config.status:24463: creating include/ncurses_cfg.h

## ----------------- ##
## Cache variables.  ##
## ----------------- ##

ac_cv_build='armv7l-unknown-linux-gnueabihf'
ac_cv_build_alias='armv7l-unknown-linux-gnueabihf'
ac_cv_c_compiler_gnu='yes'
ac_cv_c_const='yes'
ac_cv_c_inline='inline'
ac_cv_cxx_compiler_gnu='yes'
ac_cv_env_CC_set=''
ac_cv_env_CC_value=''
ac_cv_env_CFLAGS_set=''
ac_cv_env_CFLAGS_value=''
ac_cv_env_CPPFLAGS_set=''
ac_cv_env_CPPFLAGS_value=''
ac_cv_env_CPP_set=''
ac_cv_env_CPP_value=''
ac_cv_env_CXXCPP_set=''
ac_cv_env_CXXCPP_value=''
ac_cv_env_CXXFLAGS_set=''
ac_cv_env_CXXFLAGS_value=''
ac_cv_env_CXX_set=''
ac_cv_env_CXX_value=''
ac_cv_env_LDFLAGS_set=''
ac_cv_env_LDFLAGS_value=''
ac_cv_env_build_alias_set=''
ac_cv_env_build_alias_value=''
ac_cv_env_host_alias_set=''
ac_cv_env_host_alias_value=''
ac_cv_env_target_alias_set=''
ac_cv_env_target_alias_value=''
ac_cv_func_fork='yes'
ac_cv_func_fork_works='yes'
ac_cv_func_fseeko='yes'
ac_cv_func_getcwd='yes'
ac_cv_func_getegid='yes'
ac_cv_func_geteuid='yes'
ac_cv_func_getopt='yes'
ac_cv_func_gettimeofday='yes'
ac_cv_func_getttynam='yes'
ac_cv_func_issetugid='no'
ac_cv_func_link='yes'
ac_cv_func_memmove='yes'
ac_cv_func_poll='yes'
ac_cv_func_putenv='yes'
ac_cv_func_regcomp='yes'
ac_cv_func_remove='yes'
ac_cv_func_select='yes'
ac_cv_func_setbuf='yes'
ac_cv_func_setbuffer='yes'
ac_cv_func_setenv='yes'
ac_cv_func_setvbuf='yes'
ac_cv_func_setvbuf_reversed='no'
ac_cv_func_sigaction='yes'
ac_cv_func_sigvec='yes'
ac_cv_func_strdup='yes'
ac_cv_func_strstr='yes'
ac_cv_func_symlink='yes'
ac_cv_func_tcgetpgrp='yes'
ac_cv_func_times='yes'
ac_cv_func_unlink='yes'
ac_cv_func_vfork='yes'
ac_cv_func_vfork_works='yes'
ac_cv_func_vsnprintf='yes'
ac_cv_header_dirent_dirent_h='yes'
ac_cv_header_fcntl_h='yes'
ac_cv_header_getopt_h='yes'
ac_cv_header_gpm_h='no'
ac_cv_header_inttypes_h='yes'
ac_cv_header_iostream='yes'
ac_cv_header_limits_h='yes'
ac_cv_header_locale_h='yes'
ac_cv_header_math_h='yes'
ac_cv_header_memory_h='yes'
ac_cv_header_poll_h='yes'
ac_cv_header_stdc='yes'
ac_cv_header_stdint_h='yes'
ac_cv_header_stdlib_h='yes'
ac_cv_header_string_h='yes'
ac_cv_header_strings_h='yes'
ac_cv_header_sys_bsdtypes_h='no'
ac_cv_header_sys_ioctl_h='yes'
ac_cv_header_sys_param_h='yes'
ac_cv_header_sys_poll_h='yes'
ac_cv_header_sys_select_h='yes'
ac_cv_header_sys_stat_h='yes'
ac_cv_header_sys_time_h='yes'
ac_cv_header_sys_times_h='yes'
ac_cv_header_sys_types_h='yes'
ac_cv_header_termio_h='yes'
ac_cv_header_termios_h='yes'
ac_cv_header_time='yes'
ac_cv_header_ttyent_h='yes'
ac_cv_header_typeinfo='yes'
ac_cv_header_unistd_h='yes'
ac_cv_header_vfork_h='no'
ac_cv_header_wctype_h='yes'
ac_cv_host='armv7l-unknown-linux-gnueabihf'
ac_cv_host_alias='armv7l-unknown-linux-gnueabihf'
ac_cv_lib_dir_opendir='no'
ac_cv_lib_util_openpty='yes'
ac_cv_objext='o'
ac_cv_path_CXX='/usr/bin/g++'
ac_cv_path_LDCONFIG='/sbin/ldconfig'
ac_cv_path_TIC_PATH='/usr/bin/tic'
ac_cv_path_ac_pt_PKG_CONFIG='/usr/bin/pkg-config'
ac_cv_path_install='/usr/bin/install -c'
ac_cv_prog_AWK='mawk'
ac_cv_prog_CPP='gcc -E'
ac_cv_prog_CXXCPP='/usr/bin/g++ -E'
ac_cv_prog_MAKE_LOWER_TAGS='no'
ac_cv_prog_MAKE_UPPER_TAGS='no'
ac_cv_prog_ac_ct_AR='ar'
ac_cv_prog_ac_ct_CC='gcc'
ac_cv_prog_ac_ct_CXX='g++'
ac_cv_prog_ac_ct_LD='ld'
ac_cv_prog_ac_ct_NM='nm'
ac_cv_prog_ac_ct_RANLIB='ranlib'
ac_cv_prog_cc_g='yes'
ac_cv_prog_cc_stdc=''
ac_cv_prog_cxx_g='yes'
ac_cv_prog_egrep='grep -E'
ac_cv_prog_gcc_traditional='no'
ac_cv_prog_gnat_exists='no'
ac_cv_prog_make_make_set='yes'
ac_cv_sizeof_signed_char='1'
ac_cv_sys_file_offset_bits='64'
ac_cv_sys_large_files='no'
ac_cv_sys_largefile_CC='no'
ac_cv_sys_largefile_source='no'
ac_cv_sys_long_file_names='yes'
ac_cv_target='armv7l-unknown-linux-gnueabihf'
ac_cv_target_alias='armv7l-unknown-linux-gnueabihf'
ac_cv_type_intptr_t='yes'
ac_cv_type_pid_t='yes'
ac_cv_type_signed_char='yes'
ac_cv_type_ssize_t='yes'
am_cv_langinfo_codeset='yes'
cf_cv_1UL='1U'
cf_cv_abi_version='6'
cf_cv_ar_flags='-curvU'
cf_cv_builtin_bool='1'
cf_cv_cc_bool_type='0'
cf_cv_cpp_param_init='no'
cf_cv_cpp_static_cast='yes'
cf_cv_dcl_errno='yes'
cf_cv_default_source='yes'
cf_cv_define_sigwinch='yes'
cf_cv_do_symlinks='yes'
cf_cv_enable_lp64='1'
cf_cv_enable_opaque='NCURSES_OPAQUE'
cf_cv_enable_reentrant='0'
cf_cv_func_mkstemp='yes'
cf_cv_func_nanosleep='yes'
cf_cv_func_openpty='pty.h'
cf_cv_func_vsscanf='vsscanf'
cf_cv_gcc_inline='yes'
cf_cv_getopt_header='unistd.h'
cf_cv_gnu_source='yes'
cf_cv_have___va_copy='yes'
cf_cv_have_errno='no'
cf_cv_have_isascii='yes'
cf_cv_have_tcgetattr='yes'
cf_cv_have_va_copy='yes'
cf_cv_header_stdbool_h='1'
cf_cv_lib_util='yes'
cf_cv_link_dataonly='yes'
cf_cv_link_funcs=' link symlink'
cf_cv_makeflags=''
cf_cv_mixedcase='yes'
cf_cv_need_libm='yes'
cf_cv_prog_CC_c_o='yes'
cf_cv_prog_CXX_c_o='yes'
cf_cv_prog_gnat_correct='no'
cf_cv_regex_hdrs='regex.h'
cf_cv_rel_version='6.0'
cf_cv_rm_so_locs='no'
cf_cv_shared_soname='`basename $@ .${REL_VERSION}`.${ABI_VERSION}'
cf_cv_shlib_version='rel'
cf_cv_shlib_version_infix='no'
cf_cv_sig_atomic_t='volatile sig_atomic_t'
cf_cv_sizechange='yes'
cf_cv_src_modules='ncurses progs panel menu form'
cf_cv_struct_dirent64='no'
cf_cv_sys_time_select='yes'
cf_cv_system_name='linux-gnueabihf'
cf_cv_timestamp='Thu Apr  6 07:16:04 UTC 2017'
cf_cv_type_of_bool='unsigned char'
cf_cv_type_sigaction='no'
cf_cv_typeof_chtype='uint32_t'
cf_cv_typeof_mmask_t='uint32_t'
cf_cv_unsigned_literals='yes'
cf_cv_working_poll='yes'

## ------------ ##
## confdefs.h.  ##
## ------------ ##

#define PACKAGE "ncurses"
#define NCURSES_VERSION "6.0"
#define NCURSES_PATCHDATE 20170401
#define SYSTEM_NAME "linux-gnueabihf"
#ifdef __cplusplus
#include <stdlib.h>
#endif
#define HAVE_LONG_FILE_NAMES 1
#define MIXEDCASE_FILENAMES 1
#define TERMINFO_DIRS "/usr/share/terminfo"
#define TERMINFO "/usr/share/terminfo"
#define HAVE_BIG_CORE 1
#define PURE_TERMINFO 1
#define USE_HOME_TERMINFO 1
#define USE_ROOT_ENVIRON 1
#define HAVE_UNISTD_H 1
#define HAVE_REMOVE 1
#define HAVE_UNLINK 1
#define HAVE_LINK 1
#define HAVE_SYMLINK 1
#define USE_LINKS 1
#define HAVE_LANGINFO_CODESET 1
#define _FILE_OFFSET_BITS 64
#define HAVE_FSEEKO 1
#define NCURSES_EXT_FUNCS 1
#define HAVE_ASSUME_DEFAULT_COLORS 1
#define HAVE_CURSES_VERSION 1
#define HAVE_HAS_KEY 1
#define HAVE_RESIZETERM 1
#define HAVE_RESIZE_TERM 1
#define HAVE_TERM_ENTRY_H 1
#define HAVE_USE_DEFAULT_COLORS 1
#define HAVE_USE_EXTENDED_NAMES 1
#define HAVE_USE_SCREEN 1
#define HAVE_USE_WINDOW 1
#define HAVE_WRESIZE 1
#define NCURSES_SP_FUNCS 1
#define HAVE_TPUTS_SP 1
#define NCURSES_EXT_PUTWIN 1
#define NCURSES_NO_PADDING 1
#define STDC_HEADERS 1
#define HAVE_SYS_TYPES_H 1
#define HAVE_SYS_STAT_H 1
#define HAVE_STDLIB_H 1
#define HAVE_STRING_H 1
#define HAVE_MEMORY_H 1
#define HAVE_STRINGS_H 1
#define HAVE_INTTYPES_H 1
#define HAVE_STDINT_H 1
#define HAVE_UNISTD_H 1
#define SIZEOF_SIGNED_CHAR 1
#define USE_SIGWINCH 1
#define NCURSES_WRAP_PREFIX "_nc_"
#define USE_ASSUMED_COLOR 1
#define USE_HASHMAP 1
#define GCC_SCANF 1
#define GCC_SCANF 1
#define GCC_SCANFLIKE(fmt,var) __attribute__((format(scanf,fmt,var)))
#define GCC_PRINTF 1
#define GCC_PRINTF 1
#define GCC_PRINTFLIKE(fmt,var) __attribute__((format(printf,fmt,var)))
#define GCC_UNUSED __attribute__((unused))
#define GCC_UNUSED __attribute__((unused))
#define GCC_NORETURN __attribute__((noreturn))
#define GCC_NORETURN __attribute__((noreturn))
#define HAVE_NC_ALLOC_H 1
#define HAVE_GETTIMEOFDAY 1
#define STDC_HEADERS 1
#define HAVE_DIRENT_H 1
#define TIME_WITH_SYS_TIME 1
#define HAVE_REGEX_H_FUNCS 1
#define HAVE_FCNTL_H 1
#define HAVE_GETOPT_H 1
#define HAVE_LIMITS_H 1
#define HAVE_LOCALE_H 1
#define HAVE_MATH_H 1
#define HAVE_POLL_H 1
#define HAVE_SYS_IOCTL_H 1
#define HAVE_SYS_PARAM_H 1
#define HAVE_SYS_POLL_H 1
#define HAVE_SYS_SELECT_H 1
#define HAVE_SYS_TIME_H 1
#define HAVE_SYS_TIMES_H 1
#define HAVE_TTYENT_H 1
#define HAVE_UNISTD_H 1
#define HAVE_WCTYPE_H 1
#define HAVE_UNISTD_H 1
#define HAVE_GETOPT_H 1
#define HAVE_GETOPT_HEADER 1
#define HAVE_SYS_TIME_SELECT 1
#define SIG_ATOMIC_T volatile sig_atomic_t
#define HAVE_GETCWD 1
#define HAVE_GETEGID 1
#define HAVE_GETEUID 1
#define HAVE_GETOPT 1
#define HAVE_GETTTYNAM 1
#define HAVE_POLL 1
#define HAVE_PUTENV 1
#define HAVE_REMOVE 1
#define HAVE_SELECT 1
#define HAVE_SETBUF 1
#define HAVE_SETBUFFER 1
#define HAVE_SETENV 1
#define HAVE_SETVBUF 1
#define HAVE_SIGACTION 1
#define HAVE_SIGVEC 1
#define HAVE_STRDUP 1
#define HAVE_STRSTR 1
#define HAVE_TCGETPGRP 1
#define HAVE_TIMES 1
#define HAVE_VSNPRINTF 1
#define HAVE_ISASCII 1
#define HAVE_NANOSLEEP 1
#define HAVE_TERMIO_H 1
#define HAVE_TERMIOS_H 1
#define HAVE_UNISTD_H 1
#define HAVE_TCGETATTR 1
#define HAVE_VSSCANF 1
#define HAVE_UNISTD_H 1
#define HAVE_MKSTEMP 1
#define HAVE_SIZECHANGE 1
#define HAVE_WORKING_POLL 1
#define HAVE_VA_COPY 1
#define HAVE___VA_COPY 1
#define HAVE_UNISTD_H 1
#define HAVE_FORK 1
#define HAVE_VFORK 1
#define HAVE_WORKING_VFORK 1
#define HAVE_WORKING_FORK 1
#define USE_OPENPTY_HEADER <pty.h>
#define USE_XTERM_PTY 1
#define HAVE_TYPEINFO 1
#define HAVE_IOSTREAM 1
#define IOSTREAM_NAMESPACE 1
#define CPP_HAS_STATIC_CAST 1
#define HAVE_SLK_COLOR 1
#define HAVE_PANEL_H 1
#define HAVE_LIBPANEL 1
#define HAVE_MENU_H 1
#define HAVE_LIBMENU 1
#define HAVE_FORM_H 1
#define HAVE_LIBFORM 1
#define NCURSES_PATHSEP ':'
#define NCURSES_VERSION_STRING "6.0.20170401"
#define NCURSES_OSPEED_COMPAT 1


configure: exit 0
